[0m12:31:14.830020 [debug] [MainThread]: Sending event: {'category': 'dbt', 'action': 'invocation', 'label': 'start', 'context': [<snowplow_tracker.self_describing_json.SelfDescribingJson object at 0x0000019DB2DED360>, <snowplow_tracker.self_describing_json.SelfDescribingJson object at 0x0000019DB5AF9C00>, <snowplow_tracker.self_describing_json.SelfDescribingJson object at 0x0000019DB5AF99F0>]}


============================== 12:31:14.839102 | e5f2af4d-19b1-423e-adb0-14cfed3be23b ==============================
[0m12:31:14.839102 [info ] [MainThread]: Running with dbt=1.7.19
[0m12:31:14.839102 [debug] [MainThread]: running dbt with arguments {'printer_width': '80', 'indirect_selection': 'eager', 'write_json': 'True', 'log_cache_events': 'False', 'partial_parse': 'True', 'cache_selected_only': 'False', 'profiles_dir': 'C:\\Users\\samhi\\.dbt', 'version_check': 'True', 'debug': 'False', 'log_path': 'logs', 'warn_error': 'None', 'fail_fast': 'False', 'use_colors': 'True', 'use_experimental_parser': 'False', 'no_print': 'None', 'quiet': 'False', 'log_format': 'default', 'introspect': 'True', 'invocation_command': 'dbt init analytics', 'warn_error_options': 'WarnErrorOptions(include=[], exclude=[])', 'target_path': 'None', 'static_parser': 'True', 'send_anonymous_usage_stats': 'True'}
[0m12:31:14.839102 [warn ] [MainThread]: [ConfigFolderDirectory]: Unable to parse dict {'dir': WindowsPath('C:/Users/samhi/.dbt')}
[0m12:31:14.839102 [info ] [MainThread]: Creating dbt configuration folder at 
[0m12:31:14.845855 [debug] [MainThread]: Starter project path: C:\Users\samhi\etl_automation_mysql\venv\lib\site-packages\dbt\include\starter_project
[0m12:31:14.942450 [info ] [MainThread]: 
Your new dbt project "analytics" was created!

For more information on how to configure the profiles.yml file,
please consult the dbt documentation here:

  https://docs.getdbt.com/docs/configure-your-profile

One more thing:

Need help? Don't hesitate to reach out to us via GitHub issues or on Slack:

  https://community.getdbt.com/

Happy modeling!

[0m12:31:14.942450 [info ] [MainThread]: Setting up your profile.
[0m12:35:23.750094 [info ] [MainThread]: Profile analytics written to C:\Users\samhi\.dbt\profiles.yml using target's sample configuration. Once updated, you'll be able to start developing with dbt.
[0m12:35:23.750094 [debug] [MainThread]: Command `dbt init` succeeded at 12:35:23.750094 after 249.03 seconds
[0m12:35:23.755739 [debug] [MainThread]: Sending event: {'category': 'dbt', 'action': 'invocation', 'label': 'end', 'context': [<snowplow_tracker.self_describing_json.SelfDescribingJson object at 0x0000019DB2DED360>, <snowplow_tracker.self_describing_json.SelfDescribingJson object at 0x0000019DB5AF9CF0>, <snowplow_tracker.self_describing_json.SelfDescribingJson object at 0x0000019DB5AF9D50>]}
[0m12:35:23.755739 [debug] [MainThread]: Flushing usage events
[0m12:36:58.836799 [debug] [MainThread]: Sending event: {'category': 'dbt', 'action': 'invocation', 'label': 'start', 'context': [<snowplow_tracker.self_describing_json.SelfDescribingJson object at 0x000001E25508F760>, <snowplow_tracker.self_describing_json.SelfDescribingJson object at 0x000001E257D964D0>, <snowplow_tracker.self_describing_json.SelfDescribingJson object at 0x000001E257D96260>]}


============================== 12:36:58.850119 | 26b49583-15af-4d7a-8c36-54093557693b ==============================
[0m12:36:58.850119 [info ] [MainThread]: Running with dbt=1.7.19
[0m12:36:58.852547 [debug] [MainThread]: running dbt with arguments {'printer_width': '80', 'indirect_selection': 'eager', 'write_json': 'True', 'log_cache_events': 'False', 'partial_parse': 'True', 'cache_selected_only': 'False', 'warn_error': 'None', 'fail_fast': 'False', 'debug': 'False', 'log_path': 'logs', 'version_check': 'True', 'profiles_dir': 'C:\\Users\\samhi\\.dbt', 'use_colors': 'True', 'use_experimental_parser': 'False', 'no_print': 'None', 'quiet': 'False', 'log_format': 'default', 'static_parser': 'True', 'invocation_command': 'dbt debug', 'warn_error_options': 'WarnErrorOptions(include=[], exclude=[])', 'target_path': 'None', 'introspect': 'True', 'send_anonymous_usage_stats': 'True'}
[0m12:36:58.852547 [info ] [MainThread]: dbt version: 1.7.19
[0m12:36:58.852547 [info ] [MainThread]: python version: 3.10.4
[0m12:36:58.852547 [info ] [MainThread]: python path: C:\Users\samhi\etl_automation_mysql\venv\Scripts\python.exe
[0m12:36:58.852547 [info ] [MainThread]: os info: Windows-10-10.0.26100-SP0
[0m12:36:59.109371 [info ] [MainThread]: Using profiles dir at C:\Users\samhi\.dbt
[0m12:36:59.109371 [info ] [MainThread]: Using profiles.yml file at C:\Users\samhi\.dbt\profiles.yml
[0m12:36:59.109371 [info ] [MainThread]: Using dbt_project.yml file at C:\Users\samhi\etl_automation_mysql\dbt_project.yml
[0m12:36:59.109371 [info ] [MainThread]: Configuration:
[0m12:36:59.115704 [info ] [MainThread]:   profiles.yml file [[31mERROR invalid[0m]
[0m12:36:59.115704 [info ] [MainThread]:   dbt_project.yml file [[31mERROR not found[0m]
[0m12:36:59.115704 [info ] [MainThread]: Required dependencies:
[0m12:36:59.115704 [debug] [MainThread]: Executing "git --help"
[0m12:36:59.125414 [info ] [MainThread]:  - git [[31mERROR[0m]

[0m12:36:59.125414 [info ] [MainThread]: Connection test skipped since no profile was found
[0m12:36:59.125414 [info ] [MainThread]: [31m3 checks failed:[0m
[0m12:36:59.125414 [info ] [MainThread]: Could not load dbt_project.yml
Profile loading failed for the following reason:
Runtime Error
  Credentials in profile "analytics", target "dev" invalid: ['schema'] is not valid under any of the given schemas


[0m12:36:59.132557 [info ] [MainThread]: Project loading failed for the following reason:
 project path <C:\Users\samhi\etl_automation_mysql\dbt_project.yml> not found

[0m12:36:59.132557 [info ] [MainThread]: Error from git --help: Could not find command, ensure it is in the user's PATH and that the user has permissions to run it: "git"

[0m12:36:59.132557 [debug] [MainThread]: Command `dbt debug` failed at 12:36:59.132557 after 0.42 seconds
[0m12:36:59.132557 [debug] [MainThread]: Sending event: {'category': 'dbt', 'action': 'invocation', 'label': 'end', 'context': [<snowplow_tracker.self_describing_json.SelfDescribingJson object at 0x000001E25508F760>, <snowplow_tracker.self_describing_json.SelfDescribingJson object at 0x000001E257D96620>, <snowplow_tracker.self_describing_json.SelfDescribingJson object at 0x000001E257F63010>]}
[0m12:36:59.132557 [debug] [MainThread]: Flushing usage events
[0m13:37:05.822436 [debug] [MainThread]: Sending event: {'category': 'dbt', 'action': 'invocation', 'label': 'start', 'context': [<snowplow_tracker.self_describing_json.SelfDescribingJson object at 0x000002211AF130A0>, <snowplow_tracker.self_describing_json.SelfDescribingJson object at 0x000002211DBEE440>, <snowplow_tracker.self_describing_json.SelfDescribingJson object at 0x000002211DBEE260>]}


============================== 13:37:05.830735 | 71d35017-842f-4432-9897-e2812d1eb76d ==============================
[0m13:37:05.830735 [info ] [MainThread]: Running with dbt=1.7.19
[0m13:37:05.830735 [debug] [MainThread]: running dbt with arguments {'printer_width': '80', 'indirect_selection': 'eager', 'write_json': 'True', 'log_cache_events': 'False', 'partial_parse': 'True', 'cache_selected_only': 'False', 'profiles_dir': 'C:\\Users\\samhi\\.dbt', 'fail_fast': 'False', 'version_check': 'True', 'log_path': 'logs', 'warn_error': 'None', 'debug': 'False', 'use_colors': 'True', 'use_experimental_parser': 'False', 'no_print': 'None', 'quiet': 'False', 'log_format': 'default', 'static_parser': 'True', 'introspect': 'True', 'warn_error_options': 'WarnErrorOptions(include=[], exclude=[])', 'target_path': 'None', 'invocation_command': 'dbt debug', 'send_anonymous_usage_stats': 'True'}
[0m13:37:05.830735 [info ] [MainThread]: dbt version: 1.7.19
[0m13:37:05.830735 [info ] [MainThread]: python version: 3.10.4
[0m13:37:05.830735 [info ] [MainThread]: python path: C:\Users\samhi\etl_automation_mysql\venv\Scripts\python.exe
[0m13:37:05.830735 [info ] [MainThread]: os info: Windows-10-10.0.26100-SP0
[0m13:37:06.020673 [info ] [MainThread]: Using profiles dir at C:\Users\samhi\.dbt
[0m13:37:06.022686 [info ] [MainThread]: Using profiles.yml file at C:\Users\samhi\.dbt\profiles.yml
[0m13:37:06.022686 [info ] [MainThread]: Using dbt_project.yml file at C:\Users\samhi\etl_automation_mysql\dbt_project.yml
[0m13:37:06.022686 [info ] [MainThread]: adapter type: mysql
[0m13:37:06.022686 [info ] [MainThread]: adapter version: 1.7.0
[0m13:37:06.032366 [info ] [MainThread]: Configuration:
[0m13:37:06.032366 [info ] [MainThread]:   profiles.yml file [[32mOK found and valid[0m]
[0m13:37:06.032366 [info ] [MainThread]:   dbt_project.yml file [[31mERROR not found[0m]
[0m13:37:06.032366 [info ] [MainThread]: Required dependencies:
[0m13:37:06.032366 [debug] [MainThread]: Executing "git --help"
[0m13:37:06.032366 [info ] [MainThread]:  - git [[31mERROR[0m]

[0m13:37:06.047510 [info ] [MainThread]: Connection:
[0m13:37:06.047510 [info ] [MainThread]:   server: 127.0.0.1
[0m13:37:06.047510 [info ] [MainThread]:   unix_socket: None
[0m13:37:06.047510 [info ] [MainThread]:   port: 3306
[0m13:37:06.047510 [info ] [MainThread]:   database: None
[0m13:37:06.047510 [info ] [MainThread]:   schema: etl_demo
[0m13:37:06.047510 [info ] [MainThread]:   user: root
[0m13:37:06.047510 [info ] [MainThread]: Registered adapter: mysql=1.7.0
[0m13:37:06.047510 [debug] [MainThread]: Acquiring new mysql connection 'debug'
[0m13:37:06.061682 [debug] [MainThread]: Using mysql connection "debug"
[0m13:37:06.061682 [debug] [MainThread]: On debug: select 1 as id
[0m13:37:06.063419 [debug] [MainThread]: Opening a new connection, currently in state init
[0m13:37:06.126303 [debug] [MainThread]: SQL status: SUCCESS 1 in 0.0 seconds
[0m13:37:06.128857 [debug] [MainThread]: On debug: Close
[0m13:37:06.130869 [info ] [MainThread]:   Connection test: [[32mOK connection ok[0m]

[0m13:37:06.130869 [info ] [MainThread]: [31m2 checks failed:[0m
[0m13:37:06.130869 [info ] [MainThread]: Project loading failed for the following reason:
 project path <C:\Users\samhi\etl_automation_mysql\dbt_project.yml> not found

[0m13:37:06.130869 [info ] [MainThread]: Error from git --help: Could not find command, ensure it is in the user's PATH and that the user has permissions to run it: "git"

[0m13:37:06.130869 [debug] [MainThread]: Command `dbt debug` failed at 13:37:06.130869 after 0.45 seconds
[0m13:37:06.130869 [debug] [MainThread]: Connection 'debug' was properly closed.
[0m13:37:06.142168 [debug] [MainThread]: Sending event: {'category': 'dbt', 'action': 'invocation', 'label': 'end', 'context': [<snowplow_tracker.self_describing_json.SelfDescribingJson object at 0x000002211AF130A0>, <snowplow_tracker.self_describing_json.SelfDescribingJson object at 0x000002211DDBE8C0>, <snowplow_tracker.self_describing_json.SelfDescribingJson object at 0x000002211DDBFAF0>]}
[0m13:37:06.144186 [debug] [MainThread]: Flushing usage events
