2025-11-26 14:17:56,167 [INFO] \U0001f680 Starting ETL pipeline (run_id=20251126_141756)
2025-11-26 14:17:56,167 [INFO] === Running: dbt run ===
2025-11-26 14:17:56,167 [INFO] Command: dbt run
2025-11-26 14:18:07,253 [INFO] \u2705 dbt run completed in 11.10 seconds
2025-11-26 14:18:07,253 [INFO] === Running: dbt test ===
2025-11-26 14:18:07,253 [INFO] Command: dbt test
2025-11-26 14:18:17,957 [INFO] \u2705 dbt test completed in 10.69 seconds
2025-11-26 14:18:17,958 [INFO] === Running: GE validation: src_orders ===
2025-11-26 14:18:17,958 [INFO] Command: C:\Users\samhi\etl_automation_mysql\venv\Scripts\python.exe run_ge_src_orders.py
2025-11-26 14:18:30,276 [INFO] \u2705 GE validation: src_orders completed in 12.32 seconds
2025-11-26 14:18:30,276 [INFO] === Running: GE validation: stg_orders ===
2025-11-26 14:18:30,276 [INFO] Command: C:\Users\samhi\etl_automation_mysql\venv\Scripts\python.exe run_ge_stg_orders.py
2025-11-26 14:18:39,908 [INFO] \u2705 GE validation: stg_orders completed in 9.63 seconds
2025-11-26 14:18:39,909 [INFO] === Running: GE validation: fct_orders_summary ===
2025-11-26 14:18:39,909 [INFO] Command: C:\Users\samhi\etl_automation_mysql\venv\Scripts\python.exe run_ge_fct_orders_summary.py
2025-11-26 14:18:49,276 [INFO] \u2705 GE validation: fct_orders_summary completed in 9.38 seconds
2025-11-26 14:18:49,330 [INFO] DQ Scorecard: {'src_orders': {'status': 'PASS', 'row_count': 4, 'null_customer_id': 0, 'negative_amount_rows': 0}, 'stg_orders': {'status': 'PASS', 'row_count': 4, 'null_customer_id': 0, 'negative_amount_rows': 0}, 'fct_orders_summary': {'status': 'PASS', 'row_count': 3, 'null_customer_id': None, 'negative_amount_rows': 0}}
2025-11-26 14:18:49,331 [INFO] Total pipeline time: 53.16 seconds
2025-11-26 14:18:49,333 [INFO] Performance metrics saved to C:\Users\samhi\etl_automation_mysql\reports\performance_metrics_20251126_141849.json and C:\Users\samhi\etl_automation_mysql\reports\performance_metrics_latest.json
2025-11-26 14:18:49,334 [INFO] === Performance summary ===
2025-11-26 14:18:49,334 [INFO]   dbt_run              : 11.10 s
2025-11-26 14:18:49,334 [INFO]   dbt_test             : 10.69 s
2025-11-26 14:18:49,334 [INFO]   ge_src_orders        : 12.32 s
2025-11-26 14:18:49,335 [INFO]   ge_stg_orders        : 9.63 s
2025-11-26 14:18:49,335 [INFO]   ge_fct_orders        : 9.38 s
2025-11-26 14:18:49,335 [INFO]   total_pipeline       : 53.16 s
2025-11-26 14:18:49,335 [INFO] \U0001f389 Pipeline completed successfully (status=True).
