2025-11-26 14:15:27,932 [INFO] \U0001f680 Starting ETL pipeline (run_id=20251126_141527)
2025-11-26 14:15:27,932 [INFO] === Running: dbt run ===
2025-11-26 14:15:27,932 [INFO] Command: dbt run
2025-11-26 14:15:37,019 [INFO] \u2705 dbt run completed in 9.09 seconds
2025-11-26 14:15:37,019 [INFO] === Running: dbt test ===
2025-11-26 14:15:37,019 [INFO] Command: dbt test
2025-11-26 14:15:46,010 [INFO] \u2705 dbt test completed in 9.00 seconds
2025-11-26 14:15:46,010 [INFO] === Running: GE validation: src_orders ===
2025-11-26 14:15:46,010 [INFO] Command: C:\Users\samhi\etl_automation_mysql\venv\Scripts\python.exe run_ge_src_orders.py
2025-11-26 14:15:56,111 [INFO] \u2705 GE validation: src_orders completed in 10.09 seconds
2025-11-26 14:15:56,111 [INFO] === Running: GE validation: stg_orders ===
2025-11-26 14:15:56,111 [INFO] Command: C:\Users\samhi\etl_automation_mysql\venv\Scripts\python.exe run_ge_stg_orders.py
2025-11-26 14:16:05,081 [INFO] \u2705 GE validation: stg_orders completed in 8.96 seconds
2025-11-26 14:16:05,081 [INFO] === Running: GE validation: fct_orders_summary ===
2025-11-26 14:16:05,081 [INFO] Command: C:\Users\samhi\etl_automation_mysql\venv\Scripts\python.exe run_ge_fct_orders_summary.py
2025-11-26 14:16:14,528 [INFO] \u2705 GE validation: fct_orders_summary completed in 9.45 seconds
2025-11-26 14:16:14,623 [INFO] DQ Scorecard: {'src_orders': {'status': 'PASS', 'row_count': 4, 'null_customer_id': 0, 'negative_amount_rows': 0}, 'stg_orders': {'status': 'PASS', 'row_count': 4, 'null_customer_id': 0, 'negative_amount_rows': 0}, 'fct_orders_summary': {'status': 'PASS', 'row_count': 3, 'null_customer_id': None, 'negative_amount_rows': 0}}
2025-11-26 14:16:14,623 [INFO] Total pipeline time: 46.70 seconds
2025-11-26 14:16:14,623 [INFO] Performance metrics saved to C:\Users\samhi\etl_automation_mysql\reports\performance_metrics_20251126_141614.json and C:\Users\samhi\etl_automation_mysql\reports\performance_metrics_latest.json
2025-11-26 14:16:14,623 [INFO] === Performance summary ===
2025-11-26 14:16:14,623 [INFO]   dbt_run              : 9.09 s
2025-11-26 14:16:14,623 [INFO]   dbt_test             : 9.00 s
2025-11-26 14:16:14,623 [INFO]   ge_src_orders        : 10.09 s
2025-11-26 14:16:14,623 [INFO]   ge_stg_orders        : 8.96 s
2025-11-26 14:16:14,623 [INFO]   ge_fct_orders        : 9.45 s
2025-11-26 14:16:14,623 [INFO]   total_pipeline       : 46.70 s
2025-11-26 14:16:14,623 [INFO] \U0001f389 Pipeline completed successfully (status=True).
