2025-11-26 14:13:50,060 [INFO] \U0001f680 Starting ETL pipeline (run_id=20251126_141350)
2025-11-26 14:13:50,060 [INFO] === Running: dbt run ===
2025-11-26 14:13:50,060 [INFO] Command: dbt run
2025-11-26 14:14:00,807 [INFO] \u2705 dbt run completed in 10.74 seconds
2025-11-26 14:14:00,807 [INFO] === Running: dbt test ===
2025-11-26 14:14:00,807 [INFO] Command: dbt test
2025-11-26 14:14:11,544 [INFO] \u2705 dbt test completed in 10.74 seconds
2025-11-26 14:14:11,544 [INFO] === Running: GE validation: src_orders ===
2025-11-26 14:14:11,550 [INFO] Command: C:\Users\samhi\etl_automation_mysql\venv\Scripts\python.exe run_ge_src_orders.py
2025-11-26 14:14:23,107 [INFO] \u2705 GE validation: src_orders completed in 11.56 seconds
2025-11-26 14:14:23,107 [INFO] === Running: GE validation: stg_orders ===
2025-11-26 14:14:23,107 [INFO] Command: C:\Users\samhi\etl_automation_mysql\venv\Scripts\python.exe run_ge_stg_orders.py
2025-11-26 14:14:32,172 [INFO] \u2705 GE validation: stg_orders completed in 9.06 seconds
2025-11-26 14:14:32,172 [INFO] === Running: GE validation: fct_orders_summary ===
2025-11-26 14:14:32,172 [INFO] Command: C:\Users\samhi\etl_automation_mysql\venv\Scripts\python.exe run_ge_fct_orders_summary.py
2025-11-26 14:14:41,159 [INFO] \u2705 GE validation: fct_orders_summary completed in 8.99 seconds
2025-11-26 14:14:41,206 [INFO] DQ Scorecard: {'src_orders': {'status': 'PASS', 'row_count': 4, 'null_customer_id': 0, 'negative_amount_rows': 0}, 'stg_orders': {'status': 'PASS', 'row_count': 4, 'null_customer_id': 0, 'negative_amount_rows': 0}, 'fct_orders_summary': {'status': 'PASS', 'row_count': 3, 'null_customer_id': None, 'negative_amount_rows': 0}}
2025-11-26 14:14:41,206 [INFO] Total pipeline time: 51.15 seconds
2025-11-26 14:14:41,206 [INFO] Performance metrics saved to C:\Users\samhi\etl_automation_mysql\reports\performance_metrics_20251126_141441.json and C:\Users\samhi\etl_automation_mysql\reports\performance_metrics_latest.json
2025-11-26 14:14:41,206 [INFO] === Performance summary ===
2025-11-26 14:14:41,206 [INFO]   dbt_run              : 10.74 s
2025-11-26 14:14:41,206 [INFO]   dbt_test             : 10.74 s
2025-11-26 14:14:41,206 [INFO]   ge_src_orders        : 11.56 s
2025-11-26 14:14:41,206 [INFO]   ge_stg_orders        : 9.06 s
2025-11-26 14:14:41,206 [INFO]   ge_fct_orders        : 8.99 s
2025-11-26 14:14:41,206 [INFO]   total_pipeline       : 51.15 s
2025-11-26 14:14:41,222 [INFO] \U0001f389 Pipeline completed successfully (status=True).
