2025-11-26 13:51:16,292 [INFO] \U0001f680 Starting ETL pipeline (run_id=20251126_135116)
2025-11-26 13:51:16,292 [INFO] === Running: dbt run ===
2025-11-26 13:51:16,292 [INFO] Command: dbt run
2025-11-26 13:51:27,371 [INFO] \u2705 dbt run completed in 11.09 seconds
2025-11-26 13:51:27,371 [INFO] === Running: dbt test ===
2025-11-26 13:51:27,386 [INFO] Command: dbt test
2025-11-26 13:51:37,151 [INFO] \u2705 dbt test completed in 9.77 seconds
2025-11-26 13:51:37,151 [INFO] === Running: GE validation: src_orders ===
2025-11-26 13:51:37,151 [INFO] Command: C:\Users\samhi\etl_automation_mysql\venv\Scripts\python.exe run_ge_src_orders.py
2025-11-26 13:51:50,736 [INFO] \u2705 GE validation: src_orders completed in 13.58 seconds
2025-11-26 13:51:50,742 [INFO] === Running: GE validation: stg_orders ===
2025-11-26 13:51:50,742 [INFO] Command: C:\Users\samhi\etl_automation_mysql\venv\Scripts\python.exe run_ge_stg_orders.py
2025-11-26 13:52:00,248 [INFO] \u2705 GE validation: stg_orders completed in 9.51 seconds
2025-11-26 13:52:00,248 [INFO] === Running: GE validation: fct_orders_summary ===
2025-11-26 13:52:00,248 [INFO] Command: C:\Users\samhi\etl_automation_mysql\venv\Scripts\python.exe run_ge_fct_orders_summary.py
2025-11-26 13:52:11,696 [INFO] \u2705 GE validation: fct_orders_summary completed in 11.45 seconds
2025-11-26 13:52:11,696 [INFO] \U0001f389 Pipeline COMPLETED successfully.
2025-11-26 13:52:11,696 [INFO] Total pipeline time: 55.41 seconds
2025-11-26 13:52:11,696 [INFO] === Performance summary (all steps) ===
2025-11-26 13:52:11,696 [INFO]   dbt_run              : 11.09 s
2025-11-26 13:52:11,696 [INFO]   dbt_test             : 9.77 s
2025-11-26 13:52:11,696 [INFO]   ge_src_orders        : 13.58 s
2025-11-26 13:52:11,696 [INFO]   ge_stg_orders        : 9.51 s
2025-11-26 13:52:11,696 [INFO]   ge_fct_orders        : 11.45 s
2025-11-26 13:52:11,696 [INFO]   total_pipeline       : 55.41 s
