2025-11-26 14:17:01,715 [INFO] \U0001f680 Starting ETL pipeline (run_id=20251126_141701)
2025-11-26 14:17:01,715 [INFO] === Running: dbt run ===
2025-11-26 14:17:01,715 [INFO] Command: dbt run
2025-11-26 14:17:11,031 [INFO] \u2705 dbt run completed in 9.30 seconds
2025-11-26 14:17:11,031 [INFO] === Running: dbt test ===
2025-11-26 14:17:11,031 [INFO] Command: dbt test
2025-11-26 14:17:21,679 [INFO] \u2705 dbt test completed in 10.65 seconds
2025-11-26 14:17:21,679 [INFO] === Running: GE validation: src_orders ===
2025-11-26 14:17:21,679 [INFO] Command: C:\Users\samhi\etl_automation_mysql\venv\Scripts\python.exe run_ge_src_orders.py
2025-11-26 14:17:33,355 [INFO] \u2705 GE validation: src_orders completed in 11.67 seconds
2025-11-26 14:17:33,355 [INFO] === Running: GE validation: stg_orders ===
2025-11-26 14:17:33,355 [INFO] Command: C:\Users\samhi\etl_automation_mysql\venv\Scripts\python.exe run_ge_stg_orders.py
2025-11-26 14:17:44,353 [INFO] \u2705 GE validation: stg_orders completed in 11.00 seconds
2025-11-26 14:17:44,353 [INFO] === Running: GE validation: fct_orders_summary ===
2025-11-26 14:17:44,353 [INFO] Command: C:\Users\samhi\etl_automation_mysql\venv\Scripts\python.exe run_ge_fct_orders_summary.py
2025-11-26 14:17:55,646 [INFO] \u2705 GE validation: fct_orders_summary completed in 11.29 seconds
2025-11-26 14:17:55,791 [INFO] DQ Scorecard: {'src_orders': {'status': 'PASS', 'row_count': 4, 'null_customer_id': 0, 'negative_amount_rows': 0}, 'stg_orders': {'status': 'PASS', 'row_count': 4, 'null_customer_id': 0, 'negative_amount_rows': 0}, 'fct_orders_summary': {'status': 'PASS', 'row_count': 3, 'null_customer_id': None, 'negative_amount_rows': 0}}
2025-11-26 14:17:55,792 [INFO] Total pipeline time: 54.06 seconds
2025-11-26 14:17:55,795 [INFO] Performance metrics saved to C:\Users\samhi\etl_automation_mysql\reports\performance_metrics_20251126_141755.json and C:\Users\samhi\etl_automation_mysql\reports\performance_metrics_latest.json
2025-11-26 14:17:55,795 [INFO] === Performance summary ===
2025-11-26 14:17:55,795 [INFO]   dbt_run              : 9.30 s
2025-11-26 14:17:55,796 [INFO]   dbt_test             : 10.65 s
2025-11-26 14:17:55,796 [INFO]   ge_src_orders        : 11.67 s
2025-11-26 14:17:55,796 [INFO]   ge_stg_orders        : 11.00 s
2025-11-26 14:17:55,796 [INFO]   ge_fct_orders        : 11.29 s
2025-11-26 14:17:55,797 [INFO]   total_pipeline       : 54.06 s
2025-11-26 14:17:55,797 [INFO] \U0001f389 Pipeline completed successfully (status=True).
