2025-11-26 14:14:41,538 [INFO] \U0001f680 Starting ETL pipeline (run_id=20251126_141441)
2025-11-26 14:14:41,538 [INFO] === Running: dbt run ===
2025-11-26 14:14:41,538 [INFO] Command: dbt run
2025-11-26 14:14:50,534 [INFO] \u2705 dbt run completed in 8.99 seconds
2025-11-26 14:14:50,534 [INFO] === Running: dbt test ===
2025-11-26 14:14:50,534 [INFO] Command: dbt test
2025-11-26 14:14:59,705 [INFO] \u2705 dbt test completed in 9.18 seconds
2025-11-26 14:14:59,705 [INFO] === Running: GE validation: src_orders ===
2025-11-26 14:14:59,705 [INFO] Command: C:\Users\samhi\etl_automation_mysql\venv\Scripts\python.exe run_ge_src_orders.py
2025-11-26 14:15:09,783 [INFO] \u2705 GE validation: src_orders completed in 10.07 seconds
2025-11-26 14:15:09,783 [INFO] === Running: GE validation: stg_orders ===
2025-11-26 14:15:09,783 [INFO] Command: C:\Users\samhi\etl_automation_mysql\venv\Scripts\python.exe run_ge_stg_orders.py
2025-11-26 14:15:18,677 [INFO] \u2705 GE validation: stg_orders completed in 8.90 seconds
2025-11-26 14:15:18,677 [INFO] === Running: GE validation: fct_orders_summary ===
2025-11-26 14:15:18,677 [INFO] Command: C:\Users\samhi\etl_automation_mysql\venv\Scripts\python.exe run_ge_fct_orders_summary.py
2025-11-26 14:15:27,566 [INFO] \u2705 GE validation: fct_orders_summary completed in 8.88 seconds
2025-11-26 14:15:27,614 [INFO] DQ Scorecard: {'src_orders': {'status': 'PASS', 'row_count': 4, 'null_customer_id': 0, 'negative_amount_rows': 0}, 'stg_orders': {'status': 'PASS', 'row_count': 4, 'null_customer_id': 0, 'negative_amount_rows': 0}, 'fct_orders_summary': {'status': 'PASS', 'row_count': 3, 'null_customer_id': None, 'negative_amount_rows': 0}}
2025-11-26 14:15:27,614 [INFO] Total pipeline time: 46.08 seconds
2025-11-26 14:15:27,614 [INFO] Performance metrics saved to C:\Users\samhi\etl_automation_mysql\reports\performance_metrics_20251126_141527.json and C:\Users\samhi\etl_automation_mysql\reports\performance_metrics_latest.json
2025-11-26 14:15:27,614 [INFO] === Performance summary ===
2025-11-26 14:15:27,614 [INFO]   dbt_run              : 8.99 s
2025-11-26 14:15:27,614 [INFO]   dbt_test             : 9.18 s
2025-11-26 14:15:27,614 [INFO]   ge_src_orders        : 10.07 s
2025-11-26 14:15:27,614 [INFO]   ge_stg_orders        : 8.90 s
2025-11-26 14:15:27,614 [INFO]   ge_fct_orders        : 8.88 s
2025-11-26 14:15:27,614 [INFO]   total_pipeline       : 46.08 s
2025-11-26 14:15:27,614 [INFO] \U0001f389 Pipeline completed successfully (status=True).
